# JRE version: Java(TM) SE Runtime Environment (8.0_101-b13) (build 1.8.0_101-b13)
# Java VM: Java HotSpot(TM) 64-Bit Server VM (25.101-b13 mixed mode windows-amd64 compressed oops)
Heap:
 PSYoungGen      total 332288K, used 28094K [0x000000076b380000, 0x0000000781e80000, 0x00000007c0000000)
  eden space 322560K, 5% used [0x000000076b380000,0x000000076c5b60c8,0x000000077ee80000)
  from space 9728K, 97% used [0x0000000781500000,0x0000000781e39750,0x0000000781e80000)
  to   space 19456K, 0% used [0x000000077f880000,0x000000077f880000,0x0000000780b80000)
 ParOldGen       total 196096K, used 27698K [0x00000006c1a00000, 0x00000006cd980000, 0x000000076b380000)
  object space 196096K, 14% used [0x00000006c1a00000,0x00000006c350c998,0x00000006cd980000)
 Metaspace       used 63771K, capacity 66960K, committed 67032K, reserved 1107968K
  class space    used 8631K, capacity 9163K, committed 9176K, reserved 1048576K
GC Heap History (10 events):
Event: 10.838 GC heap before
{Heap before GC invocations=9 (full 2):
 PSYoungGen      total 175616K, used 164864K [0x000000076b380000, 0x0000000779600000, 0x00000007c0000000)
  eden space 164864K, 100% used [0x000000076b380000,0x0000000775480000,0x0000000775480000)
  from space 10752K, 0% used [0x0000000776200000,0x0000000776200000,0x0000000776c80000)
  to   space 13824K, 0% used [0x0000000775480000,0x0000000775480000,0x0000000776200000)
 ParOldGen       total 160768K, used 17872K [0x00000006c1a00000, 0x00000006cb700000, 0x000000076b380000)
  object space 160768K, 11% used [0x00000006c1a00000,0x00000006c2b742b8,0x00000006cb700000)
 Metaspace       used 49630K, capacity 51136K, committed 51416K, reserved 1093632K
  class space    used 6743K, capacity 7059K, committed 7128K, reserved 1048576K
Event: 10.856 GC heap after
Heap after GC invocations=9 (full 2):
 PSYoungGen      total 178688K, used 13806K [0x000000076b380000, 0x000000077b900000, 0x00000007c0000000)
  eden space 164864K, 0% used [0x000000076b380000,0x000000076b380000,0x0000000775480000)
  from space 13824K, 99% used [0x0000000775480000,0x00000007761fbb80,0x0000000776200000)
  to   space 17408K, 0% used [0x000000077a800000,0x000000077a800000,0x000000077b900000)
 ParOldGen       total 160768K, used 21989K [0x00000006c1a00000, 0x00000006cb700000, 0x000000076b380000)
  object space 160768K, 13% used [0x00000006c1a00000,0x00000006c2f79770,0x00000006cb700000)
 Metaspace       used 49630K, capacity 51136K, committed 51416K, reserved 1093632K
  class space    used 6743K, capacity 7059K, committed 7128K, reserved 1048576K
}
Event: 13.100 GC heap before
{Heap before GC invocations=10 (full 2):
 PSYoungGen      total 178688K, used 178670K [0x000000076b380000, 0x000000077b900000, 0x00000007c0000000)
  eden space 164864K, 100% used [0x000000076b380000,0x0000000775480000,0x0000000775480000)
  from space 13824K, 99% used [0x0000000775480000,0x00000007761fbb80,0x0000000776200000)
  to   space 17408K, 0% used [0x000000077a800000,0x000000077a800000,0x000000077b900000)
 ParOldGen       total 160768K, used 21989K [0x00000006c1a00000, 0x00000006cb700000, 0x000000076b380000)
  object space 160768K, 13% used [0x00000006c1a00000,0x00000006c2f79770,0x00000006cb700000)
 Metaspace       used 56171K, capacity 58606K, committed 58840K, reserved 1099776K
  class space    used 7604K, capacity 8056K, committed 8152K, reserved 1048576K
Event: 13.140 GC heap after
Heap after GC invocations=10 (full 2):
 PSYoungGen      total 247808K, used 17386K [0x000000076b380000, 0x000000077c280000, 0x00000007c0000000)
  eden space 230400K, 0% used [0x000000076b380000,0x000000076b380000,0x0000000779480000)
  from space 17408K, 99% used [0x000000077a800000,0x000000077b8fa970,0x000000077b900000)
  to   space 19968K, 0% used [0x0000000779480000,0x0000000779480000,0x000000077a800000)
 ParOldGen       total 160768K, used 22060K [0x00000006c1a00000, 0x00000006cb700000, 0x000000076b380000)
  object space 160768K, 13% used [0x00000006c1a00000,0x00000006c2f8b230,0x00000006cb700000)
 Metaspace       used 56171K, capacity 58606K, committed 58840K, reserved 1099776K
  class space    used 7604K, capacity 8056K, committed 8152K, reserved 1048576K
}
Event: 13.262 GC heap before
{Heap before GC invocations=11 (full 2):
 PSYoungGen      total 247808K, used 30434K [0x000000076b380000, 0x000000077c280000, 0x00000007c0000000)
  eden space 230400K, 5% used [0x000000076b380000,0x000000076c03e0c8,0x0000000779480000)
  from space 17408K, 99% used [0x000000077a800000,0x000000077b8fa970,0x000000077b900000)
  to   space 19968K, 0% used [0x0000000779480000,0x0000000779480000,0x000000077a800000)
 ParOldGen       total 160768K, used 22060K [0x00000006c1a00000, 0x00000006cb700000, 0x000000076b380000)
  object space 160768K, 13% used [0x00000006c1a00000,0x00000006c2f8b230,0x00000006cb700000)
 Metaspace       used 56397K, capacity 58984K, committed 59028K, reserved 1099776K
  class space    used 7648K, capacity 8111K, committed 8152K, reserved 1048576K
Event: 13.300 GC heap after
Heap after GC invocations=11 (full 2):
 PSYoungGen      total 250368K, used 13767K [0x000000076b380000, 0x0000000782880000, 0x00000007c0000000)
  eden space 230400K, 0% used [0x000000076b380000,0x000000076b380000,0x0000000779480000)
  from space 19968K, 68% used [0x0000000779480000,0x000000077a1f1c28,0x000000077a800000)
  to   space 19968K, 0% used [0x0000000781500000,0x0000000781500000,0x0000000782880000)
 ParOldGen       total 160768K, used 22060K [0x00000006c1a00000, 0x00000006cb700000, 0x000000076b380000)
  object space 160768K, 13% used [0x00000006c1a00000,0x00000006c2f8b230,0x00000006cb700000)
 Metaspace       used 56397K, capacity 58984K, committed 59028K, reserved 1099776K
  class space    used 7648K, capacity 8111K, committed 8152K, reserved 1048576K
}
Event: 13.300 GC heap before
{Heap before GC invocations=12 (full 3):
 PSYoungGen      total 250368K, used 13767K [0x000000076b380000, 0x0000000782880000, 0x00000007c0000000)
  eden space 230400K, 0% used [0x000000076b380000,0x000000076b380000,0x0000000779480000)
  from space 19968K, 68% used [0x0000000779480000,0x000000077a1f1c28,0x000000077a800000)
  to   space 19968K, 0% used [0x0000000781500000,0x0000000781500000,0x0000000782880000)
 ParOldGen       total 160768K, used 22060K [0x00000006c1a00000, 0x00000006cb700000, 0x000000076b380000)
  object space 160768K, 13% used [0x00000006c1a00000,0x00000006c2f8b230,0x00000006cb700000)
 Metaspace       used 56397K, capacity 58984K, committed 59028K, reserved 1099776K
  class space    used 7648K, capacity 8111K, committed 8152K, reserved 1048576K
Event: 13.594 GC heap after
Heap after GC invocations=12 (full 3):
 PSYoungGen      total 250368K, used 0K [0x000000076b380000, 0x0000000782880000, 0x00000007c0000000)
  eden space 230400K, 0% used [0x000000076b380000,0x000000076b380000,0x0000000779480000)
  from space 19968K, 0% used [0x0000000779480000,0x0000000779480000,0x000000077a800000)
  to   space 19968K, 0% used [0x0000000781500000,0x0000000781500000,0x0000000782880000)
 ParOldGen       total 196096K, used 27690K [0x00000006c1a00000, 0x00000006cd980000, 0x000000076b380000)
  object space 196096K, 14% used [0x00000006c1a00000,0x00000006c350a998,0x00000006cd980000)
 Metaspace       used 56397K, capacity 58984K, committed 59028K, reserved 1099776K
  class space    used 7648K, capacity 8111K, committed 8152K, reserved 1048576K
}
Event: 16.190 GC heap before
{Heap before GC invocations=13 (full 3):
 PSYoungGen      total 250368K, used 230400K [0x000000076b380000, 0x0000000782880000, 0x00000007c0000000)
  eden space 230400K, 100% used [0x000000076b380000,0x0000000779480000,0x0000000779480000)
  from space 19968K, 0% used [0x0000000779480000,0x0000000779480000,0x000000077a800000)
  to   space 19968K, 0% used [0x0000000781500000,0x0000000781500000,0x0000000782880000)
 ParOldGen       total 196096K, used 27690K [0x00000006c1a00000, 0x00000006cd980000, 0x000000076b380000)
  object space 196096K, 14% used [0x00000006c1a00000,0x00000006c350a998,0x00000006cd980000)
 Metaspace       used 61762K, capacity 64826K, committed 65112K, reserved 1105920K
  class space    used 8391K, capacity 8924K, committed 9048K, reserved 1048576K
Event: 16.215 GC heap after
Heap after GC invocations=13 (full 3):
 PSYoungGen      total 332288K, used 9445K [0x000000076b380000, 0x0000000781e80000, 0x00000007c0000000)
  eden space 322560K, 0% used [0x000000076b380000,0x000000076b380000,0x000000077ee80000)
  from space 9728K, 97% used [0x0000000781500000,0x0000000781e39750,0x0000000781e80000)
  to   space 19456K, 0% used [0x000000077f880000,0x000000077f880000,0x0000000780b80000)
 ParOldGen       total 196096K, used 27698K [0x00000006c1a00000, 0x00000006cd980000, 0x000000076b380000)
  object space 196096K, 14% used [0x00000006c1a00000,0x00000006c350c998,0x00000006cd980000)
 Metaspace       used 61762K, capacity 64826K, committed 65112K, reserved 1105920K
  class space    used 8391K, capacity 8924K, committed 9048K, reserved 1048576K
}

